<?xml version="1.0" encoding="UTF-8"?>
<testsuite name="us.temperature.repositories.TemperatureScoreDataAccessImplTest" tests="1" skipped="0" failures="0" errors="0" timestamp="2019-06-10T03:45:35" hostname="US-C02RN0SFG8WL" time="0.001">
  <properties/>
  <testcase name="getTemperature" classname="us.temperature.repositories.TemperatureScoreDataAccessImplTest" time="0.001"/>
  <system-out><![CDATA[]]></system-out>
  <system-err><![CDATA[]]></system-err>
</testsuite>
